<?xml version="1.0" encoding="UTF-8" ?>
<testsuite tests="4" failures="0" name="mensajeria.tests.TestUnitarios" time="0.492" errors="0" skipped="0">
  <properties>
[...]
</properties>
  <testcase classname="mensajeria.tests.TestUnitarios" name="leerFicheroEmpresas_TrasEscribir_TrasAniadirEmpresa_EnControlador_test" time="0.041"/>
  <testcase classname="mensajeria.tests.TestUnitarios" name="modificarNombreEmpresa_test" time="0.383"/>
  <testcase classname="mensajeria.tests.TestUnitarios" name="aniadirEmpresaListasEmpresas_EnVista_test" time="0.023"/>
  <testcase classname="mensajeria.tests.TestUnitarios" name="eliminarEmpresa_borradoLogico_SetActivoEnFalse_EnVista_test" time="0.045"/>
</testsuite>